# JRE version: Java(TM) SE Runtime Environment (8.0_65-b17) (build 1.8.0_65-b17)
# Java VM: Java HotSpot(TM) 64-Bit Server VM (25.65-b01 mixed mode bsd-amd64 compressed oops)
Heap:
 PSYoungGen      total 27648K, used 23564K [0x00000007af580000, 0x00000007b1280000, 0x00000007c0000000)
  eden space 25600K, 84% used [0x00000007af580000,0x00000007b0a83120,0x00000007b0e80000)
  from space 2048K, 100% used [0x00000007b1080000,0x00000007b1280000,0x00000007b1280000)
  to   space 2048K, 0% used [0x00000007b0e80000,0x00000007b0e80000,0x00000007b1080000)
 ParOldGen       total 34304K, used 5596K [0x000000078e000000, 0x0000000790180000, 0x00000007af580000)
  object space 34304K, 16% used [0x000000078e000000,0x000000078e5772e0,0x0000000790180000)
 Metaspace       used 17496K, capacity 18374K, committed 18560K, reserved 1064960K
  class space    used 2179K, capacity 2594K, committed 2688K, reserved 1048576K
GC Heap History (8 events):
Event: 0.308 GC heap before
{Heap before GC invocations=1 (full 0):
 PSYoungGen      total 14848K, used 12800K [0x00000007af580000, 0x00000007b0600000, 0x00000007c0000000)
  eden space 12800K, 100% used [0x00000007af580000,0x00000007b0200000,0x00000007b0200000)
  from space 2048K, 0% used [0x00000007b0400000,0x00000007b0400000,0x00000007b0600000)
  to   space 2048K, 0% used [0x00000007b0200000,0x00000007b0200000,0x00000007b0400000)
 ParOldGen       total 34304K, used 0K [0x000000078e000000, 0x0000000790180000, 0x00000007af580000)
  object space 34304K, 0% used [0x000000078e000000,0x000000078e000000,0x0000000790180000)
 Metaspace       used 7421K, capacity 7552K, committed 7680K, reserved 1056768K
  class space    used 862K, capacity 916K, committed 1024K, reserved 1048576K
Event: 0.311 GC heap after
Heap after GC invocations=1 (full 0):
 PSYoungGen      total 14848K, used 2041K [0x00000007af580000, 0x00000007b0600000, 0x00000007c0000000)
  eden space 12800K, 0% used [0x00000007af580000,0x00000007af580000,0x00000007b0200000)
  from space 2048K, 99% used [0x00000007b0200000,0x00000007b03fe7d0,0x00000007b0400000)
  to   space 2048K, 0% used [0x00000007b0400000,0x00000007b0400000,0x00000007b0600000)
 ParOldGen       total 34304K, used 426K [0x000000078e000000, 0x0000000790180000, 0x00000007af580000)
  object space 34304K, 1% used [0x000000078e000000,0x000000078e06a818,0x0000000790180000)
 Metaspace       used 7421K, capacity 7552K, committed 7680K, reserved 1056768K
  class space    used 862K, capacity 916K, committed 1024K, reserved 1048576K
}
Event: 0.537 GC heap before
{Heap before GC invocations=2 (full 0):
 PSYoungGen      total 14848K, used 14841K [0x00000007af580000, 0x00000007b0600000, 0x00000007c0000000)
  eden space 12800K, 100% used [0x00000007af580000,0x00000007b0200000,0x00000007b0200000)
  from space 2048K, 99% used [0x00000007b0200000,0x00000007b03fe7d0,0x00000007b0400000)
  to   space 2048K, 0% used [0x00000007b0400000,0x00000007b0400000,0x00000007b0600000)
 ParOldGen       total 34304K, used 426K [0x000000078e000000, 0x0000000790180000, 0x00000007af580000)
  object space 34304K, 1% used [0x000000078e000000,0x000000078e06a818,0x0000000790180000)
 Metaspace       used 9593K, capacity 9884K, committed 9984K, reserved 1058816K
  class space    used 1159K, capacity 1221K, committed 1280K, reserved 1048576K
Event: 0.540 GC heap after
Heap after GC invocations=2 (full 0):
 PSYoungGen      total 14848K, used 2046K [0x00000007af580000, 0x00000007b1280000, 0x00000007c0000000)
  eden space 12800K, 0% used [0x00000007af580000,0x00000007af580000,0x00000007b0200000)
  from space 2048K, 99% used [0x00000007b0400000,0x00000007b05ff968,0x00000007b0600000)
  to   space 2048K, 0% used [0x00000007b0200000,0x00000007b0200000,0x00000007b0400000)
 ParOldGen       total 34304K, used 1029K [0x000000078e000000, 0x0000000790180000, 0x00000007af580000)
  object space 34304K, 3% used [0x000000078e000000,0x000000078e101698,0x0000000790180000)
 Metaspace       used 9593K, capacity 9884K, committed 9984K, reserved 1058816K
  class space    used 1159K, capacity 1221K, committed 1280K, reserved 1048576K
}
Event: 0.762 GC heap before
{Heap before GC invocations=3 (full 0):
 PSYoungGen      total 14848K, used 14846K [0x00000007af580000, 0x00000007b1280000, 0x00000007c0000000)
  eden space 12800K, 100% used [0x00000007af580000,0x00000007b0200000,0x00000007b0200000)
  from space 2048K, 99% used [0x00000007b0400000,0x00000007b05ff968,0x00000007b0600000)
  to   space 2048K, 0% used [0x00000007b0200000,0x00000007b0200000,0x00000007b0400000)
 ParOldGen       total 34304K, used 1029K [0x000000078e000000, 0x0000000790180000, 0x00000007af580000)
  object space 34304K, 3% used [0x000000078e000000,0x000000078e101698,0x0000000790180000)
 Metaspace       used 13000K, capacity 13348K, committed 13568K, reserved 1060864K
  class space    used 1570K, capacity 1724K, committed 1792K, reserved 1048576K
Event: 0.766 GC heap after
Heap after GC invocations=3 (full 0):
 PSYoungGen      total 14848K, used 2032K [0x00000007af580000, 0x00000007b1280000, 0x00000007c0000000)
  eden space 12800K, 0% used [0x00000007af580000,0x00000007af580000,0x00000007b0200000)
  from space 2048K, 99% used [0x00000007b0200000,0x00000007b03fc050,0x00000007b0400000)
  to   space 2048K, 0% used [0x00000007b1080000,0x00000007b1080000,0x00000007b1280000)
 ParOldGen       total 34304K, used 3101K [0x000000078e000000, 0x0000000790180000, 0x00000007af580000)
  object space 34304K, 9% used [0x000000078e000000,0x000000078e307498,0x0000000790180000)
 Metaspace       used 13000K, capacity 13348K, committed 13568K, reserved 1060864K
  class space    used 1570K, capacity 1724K, committed 1792K, reserved 1048576K
}
Event: 1.052 GC heap before
{Heap before GC invocations=4 (full 0):
 PSYoungGen      total 14848K, used 14832K [0x00000007af580000, 0x00000007b1280000, 0x00000007c0000000)
  eden space 12800K, 100% used [0x00000007af580000,0x00000007b0200000,0x00000007b0200000)
  from space 2048K, 99% used [0x00000007b0200000,0x00000007b03fc050,0x00000007b0400000)
  to   space 2048K, 0% used [0x00000007b1080000,0x00000007b1080000,0x00000007b1280000)
 ParOldGen       total 34304K, used 3101K [0x000000078e000000, 0x0000000790180000, 0x00000007af580000)
  object space 34304K, 9% used [0x000000078e000000,0x000000078e307498,0x0000000790180000)
 Metaspace       used 15934K, capacity 16596K, committed 16640K, reserved 1062912K
  class space    used 2000K, capacity 2303K, committed 2304K, reserved 1048576K
Event: 1.058 GC heap after
Heap after GC invocations=4 (full 0):
 PSYoungGen      total 27648K, used 2048K [0x00000007af580000, 0x00000007b1280000, 0x00000007c0000000)
  eden space 25600K, 0% used [0x00000007af580000,0x00000007af580000,0x00000007b0e80000)
  from space 2048K, 100% used [0x00000007b1080000,0x00000007b1280000,0x00000007b1280000)
  to   space 2048K, 0% used [0x00000007b0e80000,0x00000007b0e80000,0x00000007b1080000)
 ParOldGen       total 34304K, used 5596K [0x000000078e000000, 0x0000000790180000, 0x00000007af580000)
  object space 34304K, 16% used [0x000000078e000000,0x000000078e5772e0,0x0000000790180000)
 Metaspace       used 15934K, capacity 16596K, committed 16640K, reserved 1062912K
  class space    used 2000K, capacity 2303K, committed 2304K, reserved 1048576K
}

